<?xml version="1.0" encoding="UTF-8"?>
<testsuite xmlns:xsi="http://www.w3.org/2001/XMLSchema-instance" xsi:noNamespaceSchemaLocation="https://maven.apache.org/surefire/maven-surefire-plugin/xsd/surefire-test-report.xsd" name="com.li.ShardingJdbcApplicationTests" time="2.182" tests="1" errors="1" skipped="0" failures="0">
  <properties>
    <property name="gopherProxySet" value="false"/>
    <property name="awt.toolkit" value="sun.lwawt.macosx.LWCToolkit"/>
    <property name="file.encoding.pkg" value="sun.io"/>
    <property name="java.specification.version" value="1.8"/>
    <property name="sun.cpu.isalist" value=""/>
    <property name="sun.jnu.encoding" value="UTF-8"/>
    <property name="java.class.path" value="/Users/lihaodong/Desktop/LiHaoDong/sharding-jdbc/target/test-classes:/Users/lihaodong/Desktop/LiHaoDong/sharding-jdbc/target/classes:/Users/lihaodong/.m2/repository/org/springframework/boot/spring-boot-starter-web/2.1.0.RELEASE/spring-boot-starter-web-2.1.0.RELEASE.jar:/Users/lihaodong/.m2/repository/org/springframework/boot/spring-boot-starter/2.1.0.RELEASE/spring-boot-starter-2.1.0.RELEASE.jar:/Users/lihaodong/.m2/repository/org/springframework/boot/spring-boot/2.1.0.RELEASE/spring-boot-2.1.0.RELEASE.jar:/Users/lihaodong/.m2/repository/org/springframework/boot/spring-boot-starter-logging/2.1.0.RELEASE/spring-boot-starter-logging-2.1.0.RELEASE.jar:/Users/lihaodong/.m2/repository/ch/qos/logback/logback-classic/1.2.3/logback-classic-1.2.3.jar:/Users/lihaodong/.m2/repository/ch/qos/logback/logback-core/1.2.3/logback-core-1.2.3.jar:/Users/lihaodong/.m2/repository/org/apache/logging/log4j/log4j-to-slf4j/2.11.1/log4j-to-slf4j-2.11.1.jar:/Users/lihaodong/.m2/repository/org/apache/logging/log4j/log4j-api/2.11.1/log4j-api-2.11.1.jar:/Users/lihaodong/.m2/repository/org/slf4j/jul-to-slf4j/1.7.25/jul-to-slf4j-1.7.25.jar:/Users/lihaodong/.m2/repository/javax/annotation/javax.annotation-api/1.3.2/javax.annotation-api-1.3.2.jar:/Users/lihaodong/.m2/repository/org/yaml/snakeyaml/1.23/snakeyaml-1.23.jar:/Users/lihaodong/.m2/repository/org/springframework/boot/spring-boot-starter-json/2.1.0.RELEASE/spring-boot-starter-json-2.1.0.RELEASE.jar:/Users/lihaodong/.m2/repository/com/fasterxml/jackson/core/jackson-databind/2.9.7/jackson-databind-2.9.7.jar:/Users/lihaodong/.m2/repository/com/fasterxml/jackson/core/jackson-annotations/2.9.0/jackson-annotations-2.9.0.jar:/Users/lihaodong/.m2/repository/com/fasterxml/jackson/core/jackson-core/2.9.7/jackson-core-2.9.7.jar:/Users/lihaodong/.m2/repository/com/fasterxml/jackson/datatype/jackson-datatype-jdk8/2.9.7/jackson-datatype-jdk8-2.9.7.jar:/Users/lihaodong/.m2/repository/com/fasterxml/jackson/datatype/jackson-datatype-jsr310/2.9.7/jackson-datatype-jsr310-2.9.7.jar:/Users/lihaodong/.m2/repository/com/fasterxml/jackson/module/jackson-module-parameter-names/2.9.7/jackson-module-parameter-names-2.9.7.jar:/Users/lihaodong/.m2/repository/org/springframework/boot/spring-boot-starter-tomcat/2.1.0.RELEASE/spring-boot-starter-tomcat-2.1.0.RELEASE.jar:/Users/lihaodong/.m2/repository/org/apache/tomcat/embed/tomcat-embed-core/9.0.12/tomcat-embed-core-9.0.12.jar:/Users/lihaodong/.m2/repository/org/apache/tomcat/embed/tomcat-embed-el/9.0.12/tomcat-embed-el-9.0.12.jar:/Users/lihaodong/.m2/repository/org/apache/tomcat/embed/tomcat-embed-websocket/9.0.12/tomcat-embed-websocket-9.0.12.jar:/Users/lihaodong/.m2/repository/org/hibernate/validator/hibernate-validator/6.0.13.Final/hibernate-validator-6.0.13.Final.jar:/Users/lihaodong/.m2/repository/javax/validation/validation-api/2.0.1.Final/validation-api-2.0.1.Final.jar:/Users/lihaodong/.m2/repository/org/jboss/logging/jboss-logging/3.3.2.Final/jboss-logging-3.3.2.Final.jar:/Users/lihaodong/.m2/repository/com/fasterxml/classmate/1.4.0/classmate-1.4.0.jar:/Users/lihaodong/.m2/repository/org/springframework/spring-web/5.1.2.RELEASE/spring-web-5.1.2.RELEASE.jar:/Users/lihaodong/.m2/repository/org/springframework/spring-beans/5.1.2.RELEASE/spring-beans-5.1.2.RELEASE.jar:/Users/lihaodong/.m2/repository/org/springframework/spring-webmvc/5.1.2.RELEASE/spring-webmvc-5.1.2.RELEASE.jar:/Users/lihaodong/.m2/repository/org/springframework/spring-aop/5.1.2.RELEASE/spring-aop-5.1.2.RELEASE.jar:/Users/lihaodong/.m2/repository/org/springframework/spring-context/5.1.2.RELEASE/spring-context-5.1.2.RELEASE.jar:/Users/lihaodong/.m2/repository/org/springframework/spring-expression/5.1.2.RELEASE/spring-expression-5.1.2.RELEASE.jar:/Users/lihaodong/.m2/repository/org/springframework/boot/spring-boot-starter-test/2.1.0.RELEASE/spring-boot-starter-test-2.1.0.RELEASE.jar:/Users/lihaodong/.m2/repository/org/springframework/boot/spring-boot-test/2.1.0.RELEASE/spring-boot-test-2.1.0.RELEASE.jar:/Users/lihaodong/.m2/repository/org/springframework/boot/spring-boot-test-autoconfigure/2.1.0.RELEASE/spring-boot-test-autoconfigure-2.1.0.RELEASE.jar:/Users/lihaodong/.m2/repository/com/jayway/jsonpath/json-path/2.4.0/json-path-2.4.0.jar:/Users/lihaodong/.m2/repository/net/minidev/json-smart/2.3/json-smart-2.3.jar:/Users/lihaodong/.m2/repository/net/minidev/accessors-smart/1.2/accessors-smart-1.2.jar:/Users/lihaodong/.m2/repository/org/ow2/asm/asm/5.0.4/asm-5.0.4.jar:/Users/lihaodong/.m2/repository/junit/junit/4.12/junit-4.12.jar:/Users/lihaodong/.m2/repository/org/assertj/assertj-core/3.11.1/assertj-core-3.11.1.jar:/Users/lihaodong/.m2/repository/org/mockito/mockito-core/2.23.0/mockito-core-2.23.0.jar:/Users/lihaodong/.m2/repository/net/bytebuddy/byte-buddy/1.9.3/byte-buddy-1.9.3.jar:/Users/lihaodong/.m2/repository/net/bytebuddy/byte-buddy-agent/1.9.3/byte-buddy-agent-1.9.3.jar:/Users/lihaodong/.m2/repository/org/objenesis/objenesis/2.6/objenesis-2.6.jar:/Users/lihaodong/.m2/repository/org/hamcrest/hamcrest-core/1.3/hamcrest-core-1.3.jar:/Users/lihaodong/.m2/repository/org/hamcrest/hamcrest-library/1.3/hamcrest-library-1.3.jar:/Users/lihaodong/.m2/repository/org/skyscreamer/jsonassert/1.5.0/jsonassert-1.5.0.jar:/Users/lihaodong/.m2/repository/com/vaadin/external/google/android-json/0.0.20131108.vaadin1/android-json-0.0.20131108.vaadin1.jar:/Users/lihaodong/.m2/repository/org/springframework/spring-core/5.1.2.RELEASE/spring-core-5.1.2.RELEASE.jar:/Users/lihaodong/.m2/repository/org/springframework/spring-jcl/5.1.2.RELEASE/spring-jcl-5.1.2.RELEASE.jar:/Users/lihaodong/.m2/repository/org/springframework/spring-test/5.1.2.RELEASE/spring-test-5.1.2.RELEASE.jar:/Users/lihaodong/.m2/repository/org/xmlunit/xmlunit-core/2.6.2/xmlunit-core-2.6.2.jar:/Users/lihaodong/.m2/repository/io/shardingjdbc/sharding-jdbc-spring-boot-starter/2.0.0.M3/sharding-jdbc-spring-boot-starter-2.0.0.M3.jar:/Users/lihaodong/.m2/repository/io/shardingjdbc/sharding-jdbc-core/2.0.0.M3/sharding-jdbc-core-2.0.0.M3.jar:/Users/lihaodong/.m2/repository/com/google/guava/guava/18.0/guava-18.0.jar:/Users/lihaodong/.m2/repository/org/apache/commons/commons-lang3/3.8.1/commons-lang3-3.8.1.jar:/Users/lihaodong/.m2/repository/org/codehaus/groovy/groovy/2.4.5/groovy-2.4.5-indy.jar:/Users/lihaodong/.m2/repository/mysql/mysql-connector-java/5.1.46/mysql-connector-java-5.1.46.jar:/Users/lihaodong/.m2/repository/org/mybatis/spring/boot/mybatis-spring-boot-starter/1.3.1/mybatis-spring-boot-starter-1.3.1.jar:/Users/lihaodong/.m2/repository/org/springframework/boot/spring-boot-starter-jdbc/2.1.0.RELEASE/spring-boot-starter-jdbc-2.1.0.RELEASE.jar:/Users/lihaodong/.m2/repository/com/zaxxer/HikariCP/3.2.0/HikariCP-3.2.0.jar:/Users/lihaodong/.m2/repository/org/springframework/spring-jdbc/5.1.2.RELEASE/spring-jdbc-5.1.2.RELEASE.jar:/Users/lihaodong/.m2/repository/org/springframework/spring-tx/5.1.2.RELEASE/spring-tx-5.1.2.RELEASE.jar:/Users/lihaodong/.m2/repository/org/mybatis/spring/boot/mybatis-spring-boot-autoconfigure/1.3.1/mybatis-spring-boot-autoconfigure-1.3.1.jar:/Users/lihaodong/.m2/repository/org/mybatis/mybatis/3.4.5/mybatis-3.4.5.jar:/Users/lihaodong/.m2/repository/org/mybatis/mybatis-spring/1.3.1/mybatis-spring-1.3.1.jar:/Users/lihaodong/.m2/repository/tk/mybatis/mapper-spring-boot-starter/1.2.4/mapper-spring-boot-starter-1.2.4.jar:/Users/lihaodong/.m2/repository/tk/mybatis/mapper-spring-boot-autoconfigure/1.2.4/mapper-spring-boot-autoconfigure-1.2.4.jar:/Users/lihaodong/.m2/repository/tk/mybatis/mapper/3.5.3/mapper-3.5.3.jar:/Users/lihaodong/.m2/repository/javax/persistence/persistence-api/1.0/persistence-api-1.0.jar:/Users/lihaodong/.m2/repository/com/alibaba/druid/1.1.0/druid-1.1.0.jar:/Library/Java/JavaVirtualMachines/jdk1.8.0_91.jdk/Contents/Home/jre/../lib/jconsole.jar:/Library/Java/JavaVirtualMachines/jdk1.8.0_91.jdk/Contents/Home/jre/../lib/tools.jar:/Users/lihaodong/.m2/repository/com/alibaba/druid-spring-boot-starter/1.1.9/druid-spring-boot-starter-1.1.9.jar:/Users/lihaodong/.m2/repository/org/slf4j/slf4j-api/1.7.25/slf4j-api-1.7.25.jar:/Users/lihaodong/.m2/repository/org/springframework/boot/spring-boot-autoconfigure/2.1.0.RELEASE/spring-boot-autoconfigure-2.1.0.RELEASE.jar:/Users/lihaodong/.m2/repository/com/alibaba/fastjson/1.2.47/fastjson-1.2.47.jar:"/>
    <property name="java.vm.vendor" value="Oracle Corporation"/>
    <property name="sun.arch.data.model" value="64"/>
    <property name="java.vendor.url" value="http://java.oracle.com/"/>
    <property name="user.timezone" value=""/>
    <property name="java.vm.specification.version" value="1.8"/>
    <property name="os.name" value="Mac OS X"/>
    <property name="user.country" value="CN"/>
    <property name="sun.java.launcher" value="SUN_STANDARD"/>
    <property name="sun.boot.library.path" value="/Library/Java/JavaVirtualMachines/jdk1.8.0_91.jdk/Contents/Home/jre/lib"/>
    <property name="sun.java.command" value="/Users/lihaodong/Desktop/LiHaoDong/sharding-jdbc/target/surefire/surefirebooter135171381678552057.jar /Users/lihaodong/Desktop/LiHaoDong/sharding-jdbc/target/surefire 2018-11-15T16-04-22_135-jvmRun1 surefire864883285117271914tmp surefire_08370485597490429513tmp"/>
    <property name="http.nonProxyHosts" value="local|*.local|169.254/16|*.169.254/16"/>
    <property name="surefire.test.class.path" value="/Users/lihaodong/Desktop/LiHaoDong/sharding-jdbc/target/test-classes:/Users/lihaodong/Desktop/LiHaoDong/sharding-jdbc/target/classes:/Users/lihaodong/.m2/repository/org/springframework/boot/spring-boot-starter-web/2.1.0.RELEASE/spring-boot-starter-web-2.1.0.RELEASE.jar:/Users/lihaodong/.m2/repository/org/springframework/boot/spring-boot-starter/2.1.0.RELEASE/spring-boot-starter-2.1.0.RELEASE.jar:/Users/lihaodong/.m2/repository/org/springframework/boot/spring-boot/2.1.0.RELEASE/spring-boot-2.1.0.RELEASE.jar:/Users/lihaodong/.m2/repository/org/springframework/boot/spring-boot-starter-logging/2.1.0.RELEASE/spring-boot-starter-logging-2.1.0.RELEASE.jar:/Users/lihaodong/.m2/repository/ch/qos/logback/logback-classic/1.2.3/logback-classic-1.2.3.jar:/Users/lihaodong/.m2/repository/ch/qos/logback/logback-core/1.2.3/logback-core-1.2.3.jar:/Users/lihaodong/.m2/repository/org/apache/logging/log4j/log4j-to-slf4j/2.11.1/log4j-to-slf4j-2.11.1.jar:/Users/lihaodong/.m2/repository/org/apache/logging/log4j/log4j-api/2.11.1/log4j-api-2.11.1.jar:/Users/lihaodong/.m2/repository/org/slf4j/jul-to-slf4j/1.7.25/jul-to-slf4j-1.7.25.jar:/Users/lihaodong/.m2/repository/javax/annotation/javax.annotation-api/1.3.2/javax.annotation-api-1.3.2.jar:/Users/lihaodong/.m2/repository/org/yaml/snakeyaml/1.23/snakeyaml-1.23.jar:/Users/lihaodong/.m2/repository/org/springframework/boot/spring-boot-starter-json/2.1.0.RELEASE/spring-boot-starter-json-2.1.0.RELEASE.jar:/Users/lihaodong/.m2/repository/com/fasterxml/jackson/core/jackson-databind/2.9.7/jackson-databind-2.9.7.jar:/Users/lihaodong/.m2/repository/com/fasterxml/jackson/core/jackson-annotations/2.9.0/jackson-annotations-2.9.0.jar:/Users/lihaodong/.m2/repository/com/fasterxml/jackson/core/jackson-core/2.9.7/jackson-core-2.9.7.jar:/Users/lihaodong/.m2/repository/com/fasterxml/jackson/datatype/jackson-datatype-jdk8/2.9.7/jackson-datatype-jdk8-2.9.7.jar:/Users/lihaodong/.m2/repository/com/fasterxml/jackson/datatype/jackson-datatype-jsr310/2.9.7/jackson-datatype-jsr310-2.9.7.jar:/Users/lihaodong/.m2/repository/com/fasterxml/jackson/module/jackson-module-parameter-names/2.9.7/jackson-module-parameter-names-2.9.7.jar:/Users/lihaodong/.m2/repository/org/springframework/boot/spring-boot-starter-tomcat/2.1.0.RELEASE/spring-boot-starter-tomcat-2.1.0.RELEASE.jar:/Users/lihaodong/.m2/repository/org/apache/tomcat/embed/tomcat-embed-core/9.0.12/tomcat-embed-core-9.0.12.jar:/Users/lihaodong/.m2/repository/org/apache/tomcat/embed/tomcat-embed-el/9.0.12/tomcat-embed-el-9.0.12.jar:/Users/lihaodong/.m2/repository/org/apache/tomcat/embed/tomcat-embed-websocket/9.0.12/tomcat-embed-websocket-9.0.12.jar:/Users/lihaodong/.m2/repository/org/hibernate/validator/hibernate-validator/6.0.13.Final/hibernate-validator-6.0.13.Final.jar:/Users/lihaodong/.m2/repository/javax/validation/validation-api/2.0.1.Final/validation-api-2.0.1.Final.jar:/Users/lihaodong/.m2/repository/org/jboss/logging/jboss-logging/3.3.2.Final/jboss-logging-3.3.2.Final.jar:/Users/lihaodong/.m2/repository/com/fasterxml/classmate/1.4.0/classmate-1.4.0.jar:/Users/lihaodong/.m2/repository/org/springframework/spring-web/5.1.2.RELEASE/spring-web-5.1.2.RELEASE.jar:/Users/lihaodong/.m2/repository/org/springframework/spring-beans/5.1.2.RELEASE/spring-beans-5.1.2.RELEASE.jar:/Users/lihaodong/.m2/repository/org/springframework/spring-webmvc/5.1.2.RELEASE/spring-webmvc-5.1.2.RELEASE.jar:/Users/lihaodong/.m2/repository/org/springframework/spring-aop/5.1.2.RELEASE/spring-aop-5.1.2.RELEASE.jar:/Users/lihaodong/.m2/repository/org/springframework/spring-context/5.1.2.RELEASE/spring-context-5.1.2.RELEASE.jar:/Users/lihaodong/.m2/repository/org/springframework/spring-expression/5.1.2.RELEASE/spring-expression-5.1.2.RELEASE.jar:/Users/lihaodong/.m2/repository/org/springframework/boot/spring-boot-starter-test/2.1.0.RELEASE/spring-boot-starter-test-2.1.0.RELEASE.jar:/Users/lihaodong/.m2/repository/org/springframework/boot/spring-boot-test/2.1.0.RELEASE/spring-boot-test-2.1.0.RELEASE.jar:/Users/lihaodong/.m2/repository/org/springframework/boot/spring-boot-test-autoconfigure/2.1.0.RELEASE/spring-boot-test-autoconfigure-2.1.0.RELEASE.jar:/Users/lihaodong/.m2/repository/com/jayway/jsonpath/json-path/2.4.0/json-path-2.4.0.jar:/Users/lihaodong/.m2/repository/net/minidev/json-smart/2.3/json-smart-2.3.jar:/Users/lihaodong/.m2/repository/net/minidev/accessors-smart/1.2/accessors-smart-1.2.jar:/Users/lihaodong/.m2/repository/org/ow2/asm/asm/5.0.4/asm-5.0.4.jar:/Users/lihaodong/.m2/repository/junit/junit/4.12/junit-4.12.jar:/Users/lihaodong/.m2/repository/org/assertj/assertj-core/3.11.1/assertj-core-3.11.1.jar:/Users/lihaodong/.m2/repository/org/mockito/mockito-core/2.23.0/mockito-core-2.23.0.jar:/Users/lihaodong/.m2/repository/net/bytebuddy/byte-buddy/1.9.3/byte-buddy-1.9.3.jar:/Users/lihaodong/.m2/repository/net/bytebuddy/byte-buddy-agent/1.9.3/byte-buddy-agent-1.9.3.jar:/Users/lihaodong/.m2/repository/org/objenesis/objenesis/2.6/objenesis-2.6.jar:/Users/lihaodong/.m2/repository/org/hamcrest/hamcrest-core/1.3/hamcrest-core-1.3.jar:/Users/lihaodong/.m2/repository/org/hamcrest/hamcrest-library/1.3/hamcrest-library-1.3.jar:/Users/lihaodong/.m2/repository/org/skyscreamer/jsonassert/1.5.0/jsonassert-1.5.0.jar:/Users/lihaodong/.m2/repository/com/vaadin/external/google/android-json/0.0.20131108.vaadin1/android-json-0.0.20131108.vaadin1.jar:/Users/lihaodong/.m2/repository/org/springframework/spring-core/5.1.2.RELEASE/spring-core-5.1.2.RELEASE.jar:/Users/lihaodong/.m2/repository/org/springframework/spring-jcl/5.1.2.RELEASE/spring-jcl-5.1.2.RELEASE.jar:/Users/lihaodong/.m2/repository/org/springframework/spring-test/5.1.2.RELEASE/spring-test-5.1.2.RELEASE.jar:/Users/lihaodong/.m2/repository/org/xmlunit/xmlunit-core/2.6.2/xmlunit-core-2.6.2.jar:/Users/lihaodong/.m2/repository/io/shardingjdbc/sharding-jdbc-spring-boot-starter/2.0.0.M3/sharding-jdbc-spring-boot-starter-2.0.0.M3.jar:/Users/lihaodong/.m2/repository/io/shardingjdbc/sharding-jdbc-core/2.0.0.M3/sharding-jdbc-core-2.0.0.M3.jar:/Users/lihaodong/.m2/repository/com/google/guava/guava/18.0/guava-18.0.jar:/Users/lihaodong/.m2/repository/org/apache/commons/commons-lang3/3.8.1/commons-lang3-3.8.1.jar:/Users/lihaodong/.m2/repository/org/codehaus/groovy/groovy/2.4.5/groovy-2.4.5-indy.jar:/Users/lihaodong/.m2/repository/mysql/mysql-connector-java/5.1.46/mysql-connector-java-5.1.46.jar:/Users/lihaodong/.m2/repository/org/mybatis/spring/boot/mybatis-spring-boot-starter/1.3.1/mybatis-spring-boot-starter-1.3.1.jar:/Users/lihaodong/.m2/repository/org/springframework/boot/spring-boot-starter-jdbc/2.1.0.RELEASE/spring-boot-starter-jdbc-2.1.0.RELEASE.jar:/Users/lihaodong/.m2/repository/com/zaxxer/HikariCP/3.2.0/HikariCP-3.2.0.jar:/Users/lihaodong/.m2/repository/org/springframework/spring-jdbc/5.1.2.RELEASE/spring-jdbc-5.1.2.RELEASE.jar:/Users/lihaodong/.m2/repository/org/springframework/spring-tx/5.1.2.RELEASE/spring-tx-5.1.2.RELEASE.jar:/Users/lihaodong/.m2/repository/org/mybatis/spring/boot/mybatis-spring-boot-autoconfigure/1.3.1/mybatis-spring-boot-autoconfigure-1.3.1.jar:/Users/lihaodong/.m2/repository/org/mybatis/mybatis/3.4.5/mybatis-3.4.5.jar:/Users/lihaodong/.m2/repository/org/mybatis/mybatis-spring/1.3.1/mybatis-spring-1.3.1.jar:/Users/lihaodong/.m2/repository/tk/mybatis/mapper-spring-boot-starter/1.2.4/mapper-spring-boot-starter-1.2.4.jar:/Users/lihaodong/.m2/repository/tk/mybatis/mapper-spring-boot-autoconfigure/1.2.4/mapper-spring-boot-autoconfigure-1.2.4.jar:/Users/lihaodong/.m2/repository/tk/mybatis/mapper/3.5.3/mapper-3.5.3.jar:/Users/lihaodong/.m2/repository/javax/persistence/persistence-api/1.0/persistence-api-1.0.jar:/Users/lihaodong/.m2/repository/com/alibaba/druid/1.1.0/druid-1.1.0.jar:/Library/Java/JavaVirtualMachines/jdk1.8.0_91.jdk/Contents/Home/jre/../lib/jconsole.jar:/Library/Java/JavaVirtualMachines/jdk1.8.0_91.jdk/Contents/Home/jre/../lib/tools.jar:/Users/lihaodong/.m2/repository/com/alibaba/druid-spring-boot-starter/1.1.9/druid-spring-boot-starter-1.1.9.jar:/Users/lihaodong/.m2/repository/org/slf4j/slf4j-api/1.7.25/slf4j-api-1.7.25.jar:/Users/lihaodong/.m2/repository/org/springframework/boot/spring-boot-autoconfigure/2.1.0.RELEASE/spring-boot-autoconfigure-2.1.0.RELEASE.jar:/Users/lihaodong/.m2/repository/com/alibaba/fastjson/1.2.47/fastjson-1.2.47.jar:"/>
    <property name="sun.cpu.endian" value="little"/>
    <property name="user.home" value="/Users/lihaodong"/>
    <property name="user.language" value="zh"/>
    <property name="java.specification.vendor" value="Oracle Corporation"/>
    <property name="java.home" value="/Library/Java/JavaVirtualMachines/jdk1.8.0_91.jdk/Contents/Home/jre"/>
    <property name="basedir" value="/Users/lihaodong/Desktop/LiHaoDong/sharding-jdbc"/>
    <property name="file.separator" value="/"/>
    <property name="line.separator" value="&#10;"/>
    <property name="java.vm.specification.vendor" value="Oracle Corporation"/>
    <property name="java.specification.name" value="Java Platform API Specification"/>
    <property name="java.awt.graphicsenv" value="sun.awt.CGraphicsEnvironment"/>
    <property name="surefire.real.class.path" value="/Users/lihaodong/Desktop/LiHaoDong/sharding-jdbc/target/surefire/surefirebooter135171381678552057.jar"/>
    <property name="sun.boot.class.path" value="/Library/Java/JavaVirtualMachines/jdk1.8.0_91.jdk/Contents/Home/jre/lib/resources.jar:/Library/Java/JavaVirtualMachines/jdk1.8.0_91.jdk/Contents/Home/jre/lib/rt.jar:/Library/Java/JavaVirtualMachines/jdk1.8.0_91.jdk/Contents/Home/jre/lib/sunrsasign.jar:/Library/Java/JavaVirtualMachines/jdk1.8.0_91.jdk/Contents/Home/jre/lib/jsse.jar:/Library/Java/JavaVirtualMachines/jdk1.8.0_91.jdk/Contents/Home/jre/lib/jce.jar:/Library/Java/JavaVirtualMachines/jdk1.8.0_91.jdk/Contents/Home/jre/lib/charsets.jar:/Library/Java/JavaVirtualMachines/jdk1.8.0_91.jdk/Contents/Home/jre/lib/jfr.jar:/Library/Java/JavaVirtualMachines/jdk1.8.0_91.jdk/Contents/Home/jre/classes"/>
    <property name="sun.management.compiler" value="HotSpot 64-Bit Tiered Compilers"/>
    <property name="ftp.nonProxyHosts" value="local|*.local|169.254/16|*.169.254/16"/>
    <property name="java.runtime.version" value="1.8.0_91-b14"/>
    <property name="user.name" value="lihaodong"/>
    <property name="path.separator" value=":"/>
    <property name="os.version" value="10.14"/>
    <property name="java.endorsed.dirs" value="/Library/Java/JavaVirtualMachines/jdk1.8.0_91.jdk/Contents/Home/jre/lib/endorsed"/>
    <property name="java.runtime.name" value="Java(TM) SE Runtime Environment"/>
    <property name="file.encoding" value="UTF-8"/>
    <property name="java.vm.name" value="Java HotSpot(TM) 64-Bit Server VM"/>
    <property name="localRepository" value="/Users/lihaodong/.m2/repository"/>
    <property name="java.vendor.url.bug" value="http://bugreport.sun.com/bugreport/"/>
    <property name="java.io.tmpdir" value="/var/folders/_0/6b3863vx6tg8mdylsj5srcfr0000gn/T/"/>
    <property name="idea.version" value="2018.1.4"/>
    <property name="java.version" value="1.8.0_91"/>
    <property name="user.dir" value="/Users/lihaodong/Desktop/LiHaoDong/sharding-jdbc"/>
    <property name="os.arch" value="x86_64"/>
    <property name="java.vm.specification.name" value="Java Virtual Machine Specification"/>
    <property name="java.awt.printerjob" value="sun.lwawt.macosx.CPrinterJob"/>
    <property name="sun.os.patch.level" value="unknown"/>
    <property name="java.library.path" value="/Users/lihaodong/Library/Java/Extensions:/Library/Java/Extensions:/Network/Library/Java/Extensions:/System/Library/Java/Extensions:/usr/lib/java:."/>
    <property name="java.vm.info" value="mixed mode"/>
    <property name="java.vendor" value="Oracle Corporation"/>
    <property name="java.vm.version" value="25.91-b14"/>
    <property name="java.ext.dirs" value="/Users/lihaodong/Library/Java/Extensions:/Library/Java/JavaVirtualMachines/jdk1.8.0_91.jdk/Contents/Home/jre/lib/ext:/Library/Java/Extensions:/Network/Library/Java/Extensions:/System/Library/Java/Extensions:/usr/lib/java"/>
    <property name="sun.io.unicode.encoding" value="UnicodeBig"/>
    <property name="java.class.version" value="52.0"/>
    <property name="socksNonProxyHosts" value="local|*.local|169.254/16|*.169.254/16"/>
  </properties>
  <testcase name="contextLoads" classname="com.li.ShardingJdbcApplicationTests" time="0.007">
    <error message="Failed to load ApplicationContext" type="java.lang.IllegalStateException">java.lang.IllegalStateException: Failed to load ApplicationContext
Caused by: org.springframework.beans.factory.support.BeanDefinitionOverrideException: Invalid bean definition with name 'dataSource' defined in class path resource [io/shardingjdbc/spring/boot/SpringBootConfiguration.class]: Cannot register bean definition [Root bean: class [null]; scope=; abstract=false; lazyInit=false; autowireMode=3; dependencyCheck=0; autowireCandidate=true; primary=false; factoryBeanName=io.shardingjdbc.spring.boot.SpringBootConfiguration; factoryMethodName=dataSource; initMethodName=null; destroyMethodName=(inferred); defined in class path resource [io/shardingjdbc/spring/boot/SpringBootConfiguration.class]] for bean 'dataSource': There is already [Root bean: class [null]; scope=; abstract=false; lazyInit=false; autowireMode=3; dependencyCheck=0; autowireCandidate=true; primary=false; factoryBeanName=com.alibaba.druid.spring.boot.autoconfigure.DruidDataSourceAutoConfigure; factoryMethodName=dataSource; initMethodName=init; destroyMethodName=(inferred); defined in class path resource [com/alibaba/druid/spring/boot/autoconfigure/DruidDataSourceAutoConfigure.class]] bound.
</error>
    <system-out><![CDATA[16:04:54.264 [main] DEBUG org.springframework.test.context.junit4.SpringJUnit4ClassRunner - SpringJUnit4ClassRunner constructor called with [class com.li.ShardingJdbcApplicationTests]
16:04:54.271 [main] DEBUG org.springframework.test.context.BootstrapUtils - Instantiating CacheAwareContextLoaderDelegate from class [org.springframework.test.context.cache.DefaultCacheAwareContextLoaderDelegate]
16:04:54.285 [main] DEBUG org.springframework.test.context.BootstrapUtils - Instantiating BootstrapContext using constructor [public org.springframework.test.context.support.DefaultBootstrapContext(java.lang.Class,org.springframework.test.context.CacheAwareContextLoaderDelegate)]
16:04:54.311 [main] DEBUG org.springframework.test.context.BootstrapUtils - Instantiating TestContextBootstrapper for test class [com.li.ShardingJdbcApplicationTests] from class [org.springframework.boot.test.context.SpringBootTestContextBootstrapper]
16:04:54.335 [main] INFO org.springframework.boot.test.context.SpringBootTestContextBootstrapper - Neither @ContextConfiguration nor @ContextHierarchy found for test class [com.li.ShardingJdbcApplicationTests], using SpringBootContextLoader
16:04:54.341 [main] DEBUG org.springframework.test.context.support.AbstractContextLoader - Did not detect default resource location for test class [com.li.ShardingJdbcApplicationTests]: class path resource [com/li/ShardingJdbcApplicationTests-context.xml] does not exist
16:04:54.342 [main] DEBUG org.springframework.test.context.support.AbstractContextLoader - Did not detect default resource location for test class [com.li.ShardingJdbcApplicationTests]: class path resource [com/li/ShardingJdbcApplicationTestsContext.groovy] does not exist
16:04:54.342 [main] INFO org.springframework.test.context.support.AbstractContextLoader - Could not detect default resource locations for test class [com.li.ShardingJdbcApplicationTests]: no resource found for suffixes {-context.xml, Context.groovy}.
16:04:54.343 [main] INFO org.springframework.test.context.support.AnnotationConfigContextLoaderUtils - Could not detect default configuration classes for test class [com.li.ShardingJdbcApplicationTests]: ShardingJdbcApplicationTests does not declare any static, non-private, non-final, nested classes annotated with @Configuration.
16:04:54.405 [main] DEBUG org.springframework.test.context.support.ActiveProfilesUtils - Could not find an 'annotation declaring class' for annotation type [org.springframework.test.context.ActiveProfiles] and class [com.li.ShardingJdbcApplicationTests]
16:04:54.539 [main] DEBUG org.springframework.context.annotation.ClassPathScanningCandidateComponentProvider - Identified candidate component class: file [/Users/lihaodong/Desktop/LiHaoDong/sharding-jdbc/target/classes/com/li/ShardingJdbcApplication.class]
16:04:54.540 [main] INFO org.springframework.boot.test.context.SpringBootTestContextBootstrapper - Found @SpringBootConfiguration com.li.ShardingJdbcApplication for test class com.li.ShardingJdbcApplicationTests
16:04:54.664 [main] DEBUG org.springframework.boot.test.context.SpringBootTestContextBootstrapper - @TestExecutionListeners is not present for class [com.li.ShardingJdbcApplicationTests]: using defaults.
16:04:54.664 [main] INFO org.springframework.boot.test.context.SpringBootTestContextBootstrapper - Loaded default TestExecutionListener class names from location [META-INF/spring.factories]: [org.springframework.boot.test.mock.mockito.MockitoTestExecutionListener, org.springframework.boot.test.mock.mockito.ResetMocksTestExecutionListener, org.springframework.boot.test.autoconfigure.restdocs.RestDocsTestExecutionListener, org.springframework.boot.test.autoconfigure.web.client.MockRestServiceServerResetTestExecutionListener, org.springframework.boot.test.autoconfigure.web.servlet.MockMvcPrintOnlyOnFailureTestExecutionListener, org.springframework.boot.test.autoconfigure.web.servlet.WebDriverTestExecutionListener, org.springframework.test.context.web.ServletTestExecutionListener, org.springframework.test.context.support.DirtiesContextBeforeModesTestExecutionListener, org.springframework.test.context.support.DependencyInjectionTestExecutionListener, org.springframework.test.context.support.DirtiesContextTestExecutionListener, org.springframework.test.context.transaction.TransactionalTestExecutionListener, org.springframework.test.context.jdbc.SqlScriptsTestExecutionListener]
16:04:54.686 [main] INFO org.springframework.boot.test.context.SpringBootTestContextBootstrapper - Using TestExecutionListeners: [org.springframework.test.context.web.ServletTestExecutionListener@31304f14, org.springframework.test.context.support.DirtiesContextBeforeModesTestExecutionListener@34a3d150, org.springframework.boot.test.mock.mockito.MockitoTestExecutionListener@2a4fb17b, org.springframework.boot.test.autoconfigure.SpringBootDependencyInjectionTestExecutionListener@5c6648b0, org.springframework.test.context.support.DirtiesContextTestExecutionListener@6f1de4c7, org.springframework.test.context.transaction.TransactionalTestExecutionListener@459e9125, org.springframework.test.context.jdbc.SqlScriptsTestExecutionListener@128d2484, org.springframework.boot.test.mock.mockito.ResetMocksTestExecutionListener@7cc0cdad, org.springframework.boot.test.autoconfigure.restdocs.RestDocsTestExecutionListener@7c7b252e, org.springframework.boot.test.autoconfigure.web.client.MockRestServiceServerResetTestExecutionListener@4d5d943d, org.springframework.boot.test.autoconfigure.web.servlet.MockMvcPrintOnlyOnFailureTestExecutionListener@368f2016, org.springframework.boot.test.autoconfigure.web.servlet.WebDriverTestExecutionListener@4c583ecf]
16:04:54.688 [main] DEBUG org.springframework.test.annotation.ProfileValueUtils - Retrieved @ProfileValueSourceConfiguration [null] for test class [com.li.ShardingJdbcApplicationTests]
16:04:54.689 [main] DEBUG org.springframework.test.annotation.ProfileValueUtils - Retrieved ProfileValueSource type [class org.springframework.test.annotation.SystemProfileValueSource] for class [com.li.ShardingJdbcApplicationTests]
16:04:54.690 [main] DEBUG org.springframework.test.annotation.ProfileValueUtils - Retrieved @ProfileValueSourceConfiguration [null] for test class [com.li.ShardingJdbcApplicationTests]
16:04:54.690 [main] DEBUG org.springframework.test.annotation.ProfileValueUtils - Retrieved ProfileValueSource type [class org.springframework.test.annotation.SystemProfileValueSource] for class [com.li.ShardingJdbcApplicationTests]
16:04:54.691 [main] DEBUG org.springframework.test.annotation.ProfileValueUtils - Retrieved @ProfileValueSourceConfiguration [null] for test class [com.li.ShardingJdbcApplicationTests]
16:04:54.691 [main] DEBUG org.springframework.test.annotation.ProfileValueUtils - Retrieved ProfileValueSource type [class org.springframework.test.annotation.SystemProfileValueSource] for class [com.li.ShardingJdbcApplicationTests]
16:04:54.693 [main] DEBUG org.springframework.test.context.support.AbstractDirtiesContextTestExecutionListener - Before test class: context [DefaultTestContext@30c15d8b testClass = ShardingJdbcApplicationTests, testInstance = [null], testMethod = [null], testException = [null], mergedContextConfiguration = [WebMergedContextConfiguration@5e0e82ae testClass = ShardingJdbcApplicationTests, locations = '{}', classes = '{class com.li.ShardingJdbcApplication}', contextInitializerClasses = '[]', activeProfiles = '{}', propertySourceLocations = '{}', propertySourceProperties = '{org.springframework.boot.test.context.SpringBootTestContextBootstrapper=true}', contextCustomizers = set[org.springframework.boot.test.context.filter.ExcludeFilterContextCustomizer@c81cdd1, org.springframework.boot.test.json.DuplicateJsonObjectContextCustomizerFactory$DuplicateJsonObjectContextCustomizer@289d1c02, org.springframework.boot.test.mock.mockito.MockitoContextCustomizer@0, org.springframework.boot.test.web.client.TestRestTemplateContextCustomizer@6eceb130, org.springframework.boot.test.autoconfigure.properties.PropertyMappingContextCustomizer@0, org.springframework.boot.test.autoconfigure.web.servlet.WebDriverContextCustomizerFactory$Customizer@5c18298f], resourceBasePath = 'src/main/webapp', contextLoader = 'org.springframework.boot.test.context.SpringBootContextLoader', parent = [null]], attributes = map['org.springframework.test.context.web.ServletTestExecutionListener.activateListener' -> true]], class annotated with @DirtiesContext [false] with mode [null].
16:04:54.694 [main] DEBUG org.springframework.test.annotation.ProfileValueUtils - Retrieved @ProfileValueSourceConfiguration [null] for test class [com.li.ShardingJdbcApplicationTests]
16:04:54.694 [main] DEBUG org.springframework.test.annotation.ProfileValueUtils - Retrieved ProfileValueSource type [class org.springframework.test.annotation.SystemProfileValueSource] for class [com.li.ShardingJdbcApplicationTests]
16:04:54.724 [main] DEBUG org.springframework.test.context.support.TestPropertySourceUtils - Adding inlined properties to environment: {spring.jmx.enabled=false, org.springframework.boot.test.context.SpringBootTestContextBootstrapper=true, server.port=-1}

  .   ____          _            __ _ _
 /\\ / ___'_ __ _ _(_)_ __  __ _ \ \ \ \
( ( )\___ | '_ | '_| | '_ \/ _` | \ \ \ \
 \\/  ___)| |_)| | | | | || (_| |  ) ) ) )
  '  |____| .__|_| |_|_| |_\__, | / / / /
 =========|_|==============|___/=/_/_/_/
 :: Spring Boot ::        (v2.1.0.RELEASE)

2018-11-15 16:04:55.035  INFO 81539 --- [           main] com.li.ShardingJdbcApplicationTests      : Starting ShardingJdbcApplicationTests on lihaodongdeMacBook-Pro.local with PID 81539 (started by lihaodong in /Users/lihaodong/Desktop/LiHaoDong/sharding-jdbc)
2018-11-15 16:04:55.036  INFO 81539 --- [           main] com.li.ShardingJdbcApplicationTests      : No active profile set, falling back to default profiles: default
2018-11-15 16:04:56.222  WARN 81539 --- [           main] o.s.w.c.s.GenericWebApplicationContext   : Exception encountered during context initialization - cancelling refresh attempt: org.springframework.beans.factory.support.BeanDefinitionOverrideException: Invalid bean definition with name 'dataSource' defined in class path resource [io/shardingjdbc/spring/boot/SpringBootConfiguration.class]: Cannot register bean definition [Root bean: class [null]; scope=; abstract=false; lazyInit=false; autowireMode=3; dependencyCheck=0; autowireCandidate=true; primary=false; factoryBeanName=io.shardingjdbc.spring.boot.SpringBootConfiguration; factoryMethodName=dataSource; initMethodName=null; destroyMethodName=(inferred); defined in class path resource [io/shardingjdbc/spring/boot/SpringBootConfiguration.class]] for bean 'dataSource': There is already [Root bean: class [null]; scope=; abstract=false; lazyInit=false; autowireMode=3; dependencyCheck=0; autowireCandidate=true; primary=false; factoryBeanName=com.alibaba.druid.spring.boot.autoconfigure.DruidDataSourceAutoConfigure; factoryMethodName=dataSource; initMethodName=init; destroyMethodName=(inferred); defined in class path resource [com/alibaba/druid/spring/boot/autoconfigure/DruidDataSourceAutoConfigure.class]] bound.
2018-11-15 16:04:56.231  INFO 81539 --- [           main] ConditionEvaluationReportLoggingListener : 

Error starting ApplicationContext. To display the conditions report re-run your application with 'debug' enabled.
2018-11-15 16:04:56.234 ERROR 81539 --- [           main] o.s.b.d.LoggingFailureAnalysisReporter   : 

***************************
APPLICATION FAILED TO START
***************************

Description:

The bean 'dataSource', defined in class path resource [io/shardingjdbc/spring/boot/SpringBootConfiguration.class], could not be registered. A bean with that name has already been defined in class path resource [com/alibaba/druid/spring/boot/autoconfigure/DruidDataSourceAutoConfigure.class] and overriding is disabled.

Action:

Consider renaming one of the beans or enabling overriding by setting spring.main.allow-bean-definition-overriding=true

2018-11-15 16:04:56.241 ERROR 81539 --- [           main] o.s.test.context.TestContextManager      : Caught exception while allowing TestExecutionListener [org.springframework.test.context.web.ServletTestExecutionListener@31304f14] to prepare test instance [com.li.ShardingJdbcApplicationTests@499b2a5c]

java.lang.IllegalStateException: Failed to load ApplicationContext
	at org.springframework.test.context.cache.DefaultCacheAwareContextLoaderDelegate.loadContext(DefaultCacheAwareContextLoaderDelegate.java:125) ~[spring-test-5.1.2.RELEASE.jar:5.1.2.RELEASE]
	at org.springframework.test.context.support.DefaultTestContext.getApplicationContext(DefaultTestContext.java:108) ~[spring-test-5.1.2.RELEASE.jar:5.1.2.RELEASE]
	at org.springframework.test.context.web.ServletTestExecutionListener.setUpRequestContextIfNecessary(ServletTestExecutionListener.java:190) ~[spring-test-5.1.2.RELEASE.jar:5.1.2.RELEASE]
	at org.springframework.test.context.web.ServletTestExecutionListener.prepareTestInstance(ServletTestExecutionListener.java:132) ~[spring-test-5.1.2.RELEASE.jar:5.1.2.RELEASE]
	at org.springframework.test.context.TestContextManager.prepareTestInstance(TestContextManager.java:246) ~[spring-test-5.1.2.RELEASE.jar:5.1.2.RELEASE]
	at org.springframework.test.context.junit4.SpringJUnit4ClassRunner.createTest(SpringJUnit4ClassRunner.java:227) [spring-test-5.1.2.RELEASE.jar:5.1.2.RELEASE]
	at org.springframework.test.context.junit4.SpringJUnit4ClassRunner$1.runReflectiveCall(SpringJUnit4ClassRunner.java:289) [spring-test-5.1.2.RELEASE.jar:5.1.2.RELEASE]
	at org.junit.internal.runners.model.ReflectiveCallable.run(ReflectiveCallable.java:12) [junit-4.12.jar:4.12]
	at org.springframework.test.context.junit4.SpringJUnit4ClassRunner.methodBlock(SpringJUnit4ClassRunner.java:291) [spring-test-5.1.2.RELEASE.jar:5.1.2.RELEASE]
	at org.springframework.test.context.junit4.SpringJUnit4ClassRunner.runChild(SpringJUnit4ClassRunner.java:246) [spring-test-5.1.2.RELEASE.jar:5.1.2.RELEASE]
	at org.springframework.test.context.junit4.SpringJUnit4ClassRunner.runChild(SpringJUnit4ClassRunner.java:97) [spring-test-5.1.2.RELEASE.jar:5.1.2.RELEASE]
	at org.junit.runners.ParentRunner$3.run(ParentRunner.java:290) [junit-4.12.jar:4.12]
	at org.junit.runners.ParentRunner$1.schedule(ParentRunner.java:71) [junit-4.12.jar:4.12]
	at org.junit.runners.ParentRunner.runChildren(ParentRunner.java:288) [junit-4.12.jar:4.12]
	at org.junit.runners.ParentRunner.access$000(ParentRunner.java:58) [junit-4.12.jar:4.12]
	at org.junit.runners.ParentRunner$2.evaluate(ParentRunner.java:268) [junit-4.12.jar:4.12]
	at org.springframework.test.context.junit4.statements.RunBeforeTestClassCallbacks.evaluate(RunBeforeTestClassCallbacks.java:61) [spring-test-5.1.2.RELEASE.jar:5.1.2.RELEASE]
	at org.springframework.test.context.junit4.statements.RunAfterTestClassCallbacks.evaluate(RunAfterTestClassCallbacks.java:70) [spring-test-5.1.2.RELEASE.jar:5.1.2.RELEASE]
	at org.junit.runners.ParentRunner.run(ParentRunner.java:363) [junit-4.12.jar:4.12]
	at org.springframework.test.context.junit4.SpringJUnit4ClassRunner.run(SpringJUnit4ClassRunner.java:190) [spring-test-5.1.2.RELEASE.jar:5.1.2.RELEASE]
	at org.apache.maven.surefire.junit4.JUnit4Provider.execute(JUnit4Provider.java:365) [surefire-junit4-2.22.1.jar:2.22.1]
	at org.apache.maven.surefire.junit4.JUnit4Provider.executeWithRerun(JUnit4Provider.java:273) [surefire-junit4-2.22.1.jar:2.22.1]
	at org.apache.maven.surefire.junit4.JUnit4Provider.executeTestSet(JUnit4Provider.java:238) [surefire-junit4-2.22.1.jar:2.22.1]
	at org.apache.maven.surefire.junit4.JUnit4Provider.invoke(JUnit4Provider.java:159) [surefire-junit4-2.22.1.jar:2.22.1]
	at org.apache.maven.surefire.booter.ForkedBooter.invokeProviderInSameClassLoader(ForkedBooter.java:384) [surefire-booter-2.22.1.jar:2.22.1]
	at org.apache.maven.surefire.booter.ForkedBooter.runSuitesInProcess(ForkedBooter.java:345) [surefire-booter-2.22.1.jar:2.22.1]
	at org.apache.maven.surefire.booter.ForkedBooter.execute(ForkedBooter.java:126) [surefire-booter-2.22.1.jar:2.22.1]
	at org.apache.maven.surefire.booter.ForkedBooter.main(ForkedBooter.java:418) [surefire-booter-2.22.1.jar:2.22.1]
Caused by: org.springframework.beans.factory.support.BeanDefinitionOverrideException: Invalid bean definition with name 'dataSource' defined in class path resource [io/shardingjdbc/spring/boot/SpringBootConfiguration.class]: Cannot register bean definition [Root bean: class [null]; scope=; abstract=false; lazyInit=false; autowireMode=3; dependencyCheck=0; autowireCandidate=true; primary=false; factoryBeanName=io.shardingjdbc.spring.boot.SpringBootConfiguration; factoryMethodName=dataSource; initMethodName=null; destroyMethodName=(inferred); defined in class path resource [io/shardingjdbc/spring/boot/SpringBootConfiguration.class]] for bean 'dataSource': There is already [Root bean: class [null]; scope=; abstract=false; lazyInit=false; autowireMode=3; dependencyCheck=0; autowireCandidate=true; primary=false; factoryBeanName=com.alibaba.druid.spring.boot.autoconfigure.DruidDataSourceAutoConfigure; factoryMethodName=dataSource; initMethodName=init; destroyMethodName=(inferred); defined in class path resource [com/alibaba/druid/spring/boot/autoconfigure/DruidDataSourceAutoConfigure.class]] bound.
	at org.springframework.beans.factory.support.DefaultListableBeanFactory.registerBeanDefinition(DefaultListableBeanFactory.java:894) ~[spring-beans-5.1.2.RELEASE.jar:5.1.2.RELEASE]
	at org.springframework.context.annotation.ConfigurationClassBeanDefinitionReader.loadBeanDefinitionsForBeanMethod(ConfigurationClassBeanDefinitionReader.java:274) ~[spring-context-5.1.2.RELEASE.jar:5.1.2.RELEASE]
	at org.springframework.context.annotation.ConfigurationClassBeanDefinitionReader.loadBeanDefinitionsForConfigurationClass(ConfigurationClassBeanDefinitionReader.java:141) ~[spring-context-5.1.2.RELEASE.jar:5.1.2.RELEASE]
	at org.springframework.context.annotation.ConfigurationClassBeanDefinitionReader.loadBeanDefinitions(ConfigurationClassBeanDefinitionReader.java:117) ~[spring-context-5.1.2.RELEASE.jar:5.1.2.RELEASE]
	at org.springframework.context.annotation.ConfigurationClassPostProcessor.processConfigBeanDefinitions(ConfigurationClassPostProcessor.java:327) ~[spring-context-5.1.2.RELEASE.jar:5.1.2.RELEASE]
	at org.springframework.context.annotation.ConfigurationClassPostProcessor.postProcessBeanDefinitionRegistry(ConfigurationClassPostProcessor.java:232) ~[spring-context-5.1.2.RELEASE.jar:5.1.2.RELEASE]
	at org.springframework.context.support.PostProcessorRegistrationDelegate.invokeBeanDefinitionRegistryPostProcessors(PostProcessorRegistrationDelegate.java:275) ~[spring-context-5.1.2.RELEASE.jar:5.1.2.RELEASE]
	at org.springframework.context.support.PostProcessorRegistrationDelegate.invokeBeanFactoryPostProcessors(PostProcessorRegistrationDelegate.java:95) ~[spring-context-5.1.2.RELEASE.jar:5.1.2.RELEASE]
	at org.springframework.context.support.AbstractApplicationContext.invokeBeanFactoryPostProcessors(AbstractApplicationContext.java:691) ~[spring-context-5.1.2.RELEASE.jar:5.1.2.RELEASE]
	at org.springframework.context.support.AbstractApplicationContext.refresh(AbstractApplicationContext.java:528) ~[spring-context-5.1.2.RELEASE.jar:5.1.2.RELEASE]
	at org.springframework.boot.SpringApplication.refresh(SpringApplication.java:775) ~[spring-boot-2.1.0.RELEASE.jar:2.1.0.RELEASE]
	at org.springframework.boot.SpringApplication.refreshContext(SpringApplication.java:397) ~[spring-boot-2.1.0.RELEASE.jar:2.1.0.RELEASE]
	at org.springframework.boot.SpringApplication.run(SpringApplication.java:316) ~[spring-boot-2.1.0.RELEASE.jar:2.1.0.RELEASE]
	at org.springframework.boot.test.context.SpringBootContextLoader.loadContext(SpringBootContextLoader.java:127) ~[spring-boot-test-2.1.0.RELEASE.jar:2.1.0.RELEASE]
	at org.springframework.test.context.cache.DefaultCacheAwareContextLoaderDelegate.loadContextInternal(DefaultCacheAwareContextLoaderDelegate.java:99) ~[spring-test-5.1.2.RELEASE.jar:5.1.2.RELEASE]
	at org.springframework.test.context.cache.DefaultCacheAwareContextLoaderDelegate.loadContext(DefaultCacheAwareContextLoaderDelegate.java:117) ~[spring-test-5.1.2.RELEASE.jar:5.1.2.RELEASE]
	... 27 common frames omitted

]]></system-out>
  </testcase>
</testsuite>